# JRE version: Java(TM) SE Runtime Environment (21.0.11+9) (build 21.0.11+9-LTS-211)
# Java VM: Java HotSpot(TM) 64-Bit Server VM (21.0.11+9-LTS-211, mixed mode, emulated-client, sharing, tiered, compressed oops, compressed class ptrs, g1 gc, windows-amd64)
GC Precious Log:
 CardTable entry size: 512
 Card Set container configuration: InlinePtr #cards 4 size 8 Array Of Cards #cards 16 size 48 Howl #buckets 8 coarsen threshold 3686 Howl Bitmap #cards 512 size 80 coarsen threshold 460 Card regions per heap region 1 cards per card region 4096
 CPUs: 16 total, 16 available
 Memory: 15656M
 Large Page Support: Disabled
 NUMA Support: Disabled
 Compressed Oops: Enabled (Zero based)
 Heap Region Size: 2M
 Heap Min Capacity: 8M
 Heap Initial Capacity: 246M
 Heap Max Capacity: 3916M
 Pre-touch: Disabled
 Parallel Workers: 13
 Concurrent Workers: 3
 Concurrent Refinement Workers: 13
 Periodic GC: Disabled
Heap:
 garbage-first heap   total 141312K, used 52115K [0x000000070b400000, 0x0000000800000000)
  region size 2048K, 2 young (4096K), 2 survivors (4096K)
 Metaspace       used 69473K, committed 70272K, reserved 1114112K
  class space    used 8768K, committed 9152K, reserved 1048576K
GC Heap History (20 events):
Event: 1475.679 GC heap after
{Heap after GC invocations=48 (full 3):
 garbage-first heap   total 141312K, used 45741K [0x000000070b400000, 0x0000000800000000)
  region size 2048K, 2 young (4096K), 2 survivors (4096K)
 Metaspace       used 66098K, committed 66816K, reserved 1114112K
  class space    used 8576K, committed 8960K, reserved 1048576K
}
Event: 1476.081 GC heap before
{Heap before GC invocations=48 (full 3):
 garbage-first heap   total 141312K, used 119469K [0x000000070b400000, 0x0000000800000000)
  region size 2048K, 38 young (77824K), 2 survivors (4096K)
 Metaspace       used 67514K, committed 68224K, reserved 1114112K
  class space    used 8638K, committed 9024K, reserved 1048576K
}
Event: 1476.085 GC heap after
{Heap after GC invocations=49 (full 3):
 garbage-first heap   total 141312K, used 49064K [0x000000070b400000, 0x0000000800000000)
  region size 2048K, 4 young (8192K), 4 survivors (8192K)
 Metaspace       used 67514K, committed 68224K, reserved 1114112K
  class space    used 8638K, committed 9024K, reserved 1048576K
}
Event: 1477.760 GC heap before
{Heap before GC invocations=50 (full 3):
 garbage-first heap   total 141312K, used 75688K [0x000000070b400000, 0x0000000800000000)
  region size 2048K, 18 young (36864K), 4 survivors (8192K)
 Metaspace       used 67590K, committed 68352K, reserved 1114112K
  class space    used 8642K, committed 9024K, reserved 1048576K
}
Event: 1477.812 GC heap after
{Heap after GC invocations=51 (full 4):
 garbage-first heap   total 141312K, used 41912K [0x000000070b400000, 0x0000000800000000)
  region size 2048K, 0 young (0K), 0 survivors (0K)
 Metaspace       used 67537K, committed 68352K, reserved 1114112K
  class space    used 8634K, committed 9024K, reserved 1048576K
}
Event: 1478.611 GC heap before
{Heap before GC invocations=51 (full 4):
 garbage-first heap   total 141312K, used 123832K [0x000000070b400000, 0x0000000800000000)
  region size 2048K, 40 young (81920K), 0 survivors (0K)
 Metaspace       used 67884K, committed 68544K, reserved 1114112K
  class space    used 8700K, committed 9024K, reserved 1048576K
}
Event: 1478.616 GC heap after
{Heap after GC invocations=52 (full 4):
 garbage-first heap   total 141312K, used 47635K [0x000000070b400000, 0x0000000800000000)
  region size 2048K, 3 young (6144K), 3 survivors (6144K)
 Metaspace       used 67884K, committed 68544K, reserved 1114112K
  class space    used 8700K, committed 9024K, reserved 1048576K
}
Event: 1478.816 GC heap before
{Heap before GC invocations=53 (full 4):
 garbage-first heap   total 141312K, used 117267K [0x000000070b400000, 0x0000000800000000)
  region size 2048K, 38 young (77824K), 3 survivors (6144K)
 Metaspace       used 68030K, committed 68672K, reserved 1114112K
  class space    used 8719K, committed 9024K, reserved 1048576K
}
Event: 1478.819 GC heap after
{Heap after GC invocations=54 (full 4):
 garbage-first heap   total 141312K, used 49174K [0x000000070b400000, 0x0000000800000000)
  region size 2048K, 2 young (4096K), 2 survivors (4096K)
 Metaspace       used 68030K, committed 68672K, reserved 1114112K
  class space    used 8719K, committed 9024K, reserved 1048576K
}
Event: 1479.096 GC heap before
{Heap before GC invocations=54 (full 4):
 garbage-first heap   total 141312K, used 118806K [0x000000070b400000, 0x0000000800000000)
  region size 2048K, 36 young (73728K), 2 survivors (4096K)
 Metaspace       used 69173K, committed 69824K, reserved 1114112K
  class space    used 8764K, committed 9088K, reserved 1048576K
}
Event: 1479.098 GC heap after
{Heap after GC invocations=55 (full 4):
 garbage-first heap   total 141312K, used 51813K [0x000000070b400000, 0x0000000800000000)
  region size 2048K, 3 young (6144K), 3 survivors (6144K)
 Metaspace       used 69173K, committed 69824K, reserved 1114112K
  class space    used 8764K, committed 9088K, reserved 1048576K
}
Event: 1568.257 GC heap before
{Heap before GC invocations=55 (full 4):
 garbage-first heap   total 141312K, used 119397K [0x000000070b400000, 0x0000000800000000)
  region size 2048K, 36 young (73728K), 3 survivors (6144K)
 Metaspace       used 69515K, committed 70272K, reserved 1114112K
  class space    used 8779K, committed 9152K, reserved 1048576K
}
Event: 1568.262 GC heap after
{Heap after GC invocations=56 (full 4):
 garbage-first heap   total 141312K, used 53753K [0x000000070b400000, 0x0000000800000000)
  region size 2048K, 4 young (8192K), 4 survivors (8192K)
 Metaspace       used 69515K, committed 70272K, reserved 1114112K
  class space    used 8779K, committed 9152K, reserved 1048576K
}
Event: 1804.080 GC heap before
{Heap before GC invocations=57 (full 4):
 garbage-first heap   total 141312K, used 117241K [0x000000070b400000, 0x0000000800000000)
  region size 2048K, 35 young (71680K), 4 survivors (8192K)
 Metaspace       used 69473K, committed 70272K, reserved 1114112K
  class space    used 8768K, committed 9152K, reserved 1048576K
}
Event: 1804.093 GC heap after
{Heap after GC invocations=58 (full 4):
 garbage-first heap   total 141312K, used 52560K [0x000000070b400000, 0x0000000800000000)
  region size 2048K, 2 young (4096K), 2 survivors (4096K)
 Metaspace       used 69473K, committed 70272K, reserved 1114112K
  class space    used 8768K, committed 9152K, reserved 1048576K
}
Event: 2063.892 GC heap before
{Heap before GC invocations=58 (full 4):
 garbage-first heap   total 141312K, used 122192K [0x000000070b400000, 0x0000000800000000)
  region size 2048K, 36 young (73728K), 2 survivors (4096K)
 Metaspace       used 69473K, committed 70272K, reserved 1114112K
  class space    used 8768K, committed 9152K, reserved 1048576K
}
Event: 2063.914 GC heap after
{Heap after GC invocations=59 (full 4):
 garbage-first heap   total 141312K, used 52312K [0x000000070b400000, 0x0000000800000000)
  region size 2048K, 2 young (4096K), 2 survivors (4096K)
 Metaspace       used 69473K, committed 70272K, reserved 1114112K
  class space    used 8768K, committed 9152K, reserved 1048576K
}
Event: 2341.125 GC heap before
{Heap before GC invocations=59 (full 4):
 garbage-first heap   total 141312K, used 126040K [0x000000070b400000, 0x0000000800000000)
  region size 2048K, 38 young (77824K), 2 survivors (4096K)
 Metaspace       used 69473K, committed 70272K, reserved 1114112K
  class space    used 8768K, committed 9152K, reserved 1048576K
}
Event: 2341.164 GC heap after
{Heap after GC invocations=60 (full 4):
 garbage-first heap   total 141312K, used 52027K [0x000000070b400000, 0x0000000800000000)
  region size 2048K, 2 young (4096K), 2 survivors (4096K)
 Metaspace       used 69473K, committed 70272K, reserved 1114112K
  class space    used 8768K, committed 9152K, reserved 1048576K
}
Event: 2616.978 GC heap before
{Heap before GC invocations=61 (full 4):
 garbage-first heap   total 141312K, used 125755K [0x000000070b400000, 0x0000000800000000)
  region size 2048K, 38 young (77824K), 2 survivors (4096K)
 Metaspace       used 69473K, committed 70272K, reserved 1114112K
  class space    used 8768K, committed 9152K, reserved 1048576K
}

